2020-07-01 00:21:43,489 INFO o.a.j.u.JMeterUtils: Setting Locale to en_EN
2020-07-01 00:21:43,549 INFO o.a.j.JMeter: Loading user properties from: /home/maat/Skrivbord/DEL4/apache-jmeter-5.3/bin/user.properties
2020-07-01 00:21:43,554 INFO o.a.j.JMeter: Loading system properties from: /home/maat/Skrivbord/DEL4/apache-jmeter-5.3/bin/system.properties
2020-07-01 00:21:43,559 INFO o.a.j.JMeter: Copyright (c) 1998-2020 The Apache Software Foundation
2020-07-01 00:21:43,559 INFO o.a.j.JMeter: Version 5.3
2020-07-01 00:21:43,559 INFO o.a.j.JMeter: java.version=1.8.0_252
2020-07-01 00:21:43,560 INFO o.a.j.JMeter: java.vm.name=OpenJDK 64-Bit Server VM
2020-07-01 00:21:43,560 INFO o.a.j.JMeter: os.name=Linux
2020-07-01 00:21:43,560 INFO o.a.j.JMeter: os.arch=amd64
2020-07-01 00:21:43,560 INFO o.a.j.JMeter: os.version=5.3.0-61-generic
2020-07-01 00:21:43,560 INFO o.a.j.JMeter: file.encoding=UTF-8
2020-07-01 00:21:43,561 INFO o.a.j.JMeter: java.awt.headless=null
2020-07-01 00:21:43,561 INFO o.a.j.JMeter: Max memory     =1073741824
2020-07-01 00:21:43,561 INFO o.a.j.JMeter: Available Processors =2
2020-07-01 00:21:43,578 INFO o.a.j.JMeter: Default Locale=English (EN)
2020-07-01 00:21:43,579 INFO o.a.j.JMeter: JMeter  Locale=English (EN)
2020-07-01 00:21:43,579 INFO o.a.j.JMeter: JMeterHome=/home/maat/Skrivbord/DEL4/apache-jmeter-5.3
2020-07-01 00:21:43,579 INFO o.a.j.JMeter: user.dir  =/home/maat/Skrivbord/DEL4/performence-MahmoudAtaei
2020-07-01 00:21:43,580 INFO o.a.j.JMeter: PWD       =/home/maat/Skrivbord/DEL4/performence-MahmoudAtaei
2020-07-01 00:21:43,580 INFO o.a.j.JMeter: IP: 127.0.1.1 Name: maat-VirtualBox FullName: maat-VirtualBox
2020-07-01 00:21:44,030 INFO o.a.j.JMeter: Setting LAF to: com.github.weisj.darklaf.DarkLaf:com.github.weisj.darklaf.theme.DarculaTheme
2020-07-01 00:21:44,650 INFO o.a.j.JMeter: Loaded icon properties from org/apache/jmeter/images/icon.properties
2020-07-01 00:22:13,174 INFO o.a.j.s.FileServer: Default base='/home/maat/Skrivbord/DEL4/performence-MahmoudAtaei'
2020-07-01 00:22:13,194 INFO o.a.j.g.a.Load: Loading file: /home/maat/Skrivbord/DEL4/performence-MahmoudAtaei/jmeter-from-chrome-plugin/performance-tests/login-logout.jmx
2020-07-01 00:22:13,194 INFO o.a.j.s.FileServer: Set new base='/home/maat/Skrivbord/DEL4/performence-MahmoudAtaei/jmeter-from-chrome-plugin/performance-tests'
2020-07-01 00:22:13,937 INFO o.a.j.s.SaveService: Testplan (JMX) version: 2.2. Testlog (JTL) version: 2.2
2020-07-01 00:22:14,001 INFO o.a.j.s.SaveService: Using SaveService properties file encoding UTF-8
2020-07-01 00:22:14,010 INFO o.a.j.s.SaveService: Using SaveService properties version 5.0
2020-07-01 00:22:14,035 INFO o.a.j.s.SaveService: Loading file: /home/maat/Skrivbord/DEL4/performence-MahmoudAtaei/jmeter-from-chrome-plugin/performance-tests/login-logout.jmx
2020-07-01 00:22:14,324 INFO o.a.j.p.h.c.CookieManager: Settings: Delete null: true Check: true Allow variable: true Save: false Prefix: COOKIE_
2020-07-01 00:22:14,338 INFO o.a.j.p.h.c.CacheManager: Will only cache the following methods: [GET]
2020-07-01 00:22:14,386 INFO o.a.j.p.h.s.HTTPSamplerBase: Parser for text/html is org.apache.jmeter.protocol.http.parser.LagartoBasedHtmlParser
2020-07-01 00:22:14,388 INFO o.a.j.p.h.s.HTTPSamplerBase: Parser for application/xhtml+xml is org.apache.jmeter.protocol.http.parser.LagartoBasedHtmlParser
2020-07-01 00:22:14,390 INFO o.a.j.p.h.s.HTTPSamplerBase: Parser for application/xml is org.apache.jmeter.protocol.http.parser.LagartoBasedHtmlParser
2020-07-01 00:22:14,391 INFO o.a.j.p.h.s.HTTPSamplerBase: Parser for text/xml is org.apache.jmeter.protocol.http.parser.LagartoBasedHtmlParser
2020-07-01 00:22:14,393 INFO o.a.j.p.h.s.HTTPSamplerBase: Parser for text/vnd.wap.wml is org.apache.jmeter.protocol.http.parser.RegexpHTMLParser
2020-07-01 00:22:14,394 INFO o.a.j.p.h.s.HTTPSamplerBase: Parser for text/css is org.apache.jmeter.protocol.http.parser.CssParser
2020-07-01 00:22:15,434 INFO o.a.j.s.SampleResult: Note: Sample TimeStamps are START times
2020-07-01 00:22:15,436 INFO o.a.j.s.SampleResult: sampleresult.default.encoding is set to ISO-8859-1
2020-07-01 00:22:15,437 INFO o.a.j.s.SampleResult: sampleresult.useNanoTime=true
2020-07-01 00:22:15,438 INFO o.a.j.s.SampleResult: sampleresult.nanoThreadSleep=5000
2020-07-01 00:22:15,931 INFO o.a.j.v.ViewResultsFullVisualizer: Add JavaFX to your Java installation if you want to use renderer: org.apache.jmeter.visualizers.RenderInBrowser
2020-07-01 00:22:16,047 INFO o.a.j.s.FileServer: Set new base='/home/maat/Skrivbord/DEL4/performence-MahmoudAtaei/jmeter-from-chrome-plugin/performance-tests'
